
put: 10 13
 0: [13 10 0] 

put: 3 17
 0: [17 3 0] [13 10 0] 

put: 6 11
 0: [11 6 0] [17 3 0] [13 10 0] 

put: 10 5
 1: [5 10 1]  0: [11 6 0] [17 3 0] 

put: 9 10
 1: [5 10 1]  0: [10 9 0] [11 6 0] [17 3 0] 
key: 13, value: -1,
put: 2 19
 1: [5 10 1]  0: [19 2 0] [10 9 0] [11 6 0] [17 3 0] 
key: 2, value: 19,key: 3, value: 17,
put: 5 25
 0: [25 5 0] [10 9 0] [11 6 0]  1: [17 3 0] [19 2 0] [5 10 1] 
key: 8, value: -1,
put: 9 22
 0: [25 5 0] [11 6 0]  1: [22 9 1] [17 3 0] [19 2 0] [5 10 1] 

put: 5 5
 0: [11 6 0]  1: [5 5 1] [22 9 1] [17 3 0] [19 2 0] [5 10 1] 

put: 1 30
 1: [5 5 1] [22 9 1] [17 3 0] [19 2 0] [5 10 1]  0: [30 1 0] [11 6 0] 
key: 11, value: -1,
put: 9 12
 1: [5 5 1] [17 3 0] [19 2 0] [5 10 1]  2: [12 9 2]  0: [30 1 0] [11 6 0] 
key: 7, value: -1,key: 5, value: 5,key: 8, value: -1,key: 9, value: 12,
put: 4 30
 0: [30 4 0] [30 1 0] [11 6 0]  3: [12 9 2]  1: [17 3 0] [19 2 0] [5 10 1]  2: [5 5 1] 

put: 9 3
 3: [3 9 3] [12 9 2]  1: [17 3 0] [19 2 0] [5 10 1]  2: [5 5 1]  0: [30 4 0] [30 1 0] [11 6 0] 
key: 9, value: 3,key: 10, value: 5,key: 10, value: 5,
put: 6 14
 1: [14 6 1] [17 3 0] [19 2 0]  2: [5 10 1] [5 10 1] [5 5 1]  0: [30 4 0] [30 1 0]  3: [12 9 2]  4: [3 9 3] 

put: 3 1
 0: [30 4 0] [30 1 0]  3: [12 9 2]  4: [3 9 3]  1: [1 3 1] [14 6 1] [17 3 0] [19 2 0]  2: [5 10 1] [5 10 1] [5 5 1] 
key: 3, value: 1,
put: 10 11
 1: [14 6 1] [17 3 0] [19 2 0]  2: [11 10 2] [1 3 1] [5 10 1] [5 10 1] [5 5 1]  0: [30 4 0] [30 1 0]  3: [12 9 2]  4: [3 9 3] 
key: 8, value: -1,
put: 2 14
 4: [3 9 3]  1: [14 2 1] [14 6 1] [17 3 0] [19 2 0]  2: [11 10 2] [1 3 1] [5 10 1] [5 10 1] [5 5 1]  0: [30 4 0] [30 1 0]  3: [12 9 2] 
key: 1, value: 30,key: 5, value: 5,key: 4, value: 30,
put: 11 4
 1: [30 4 0] [30 1 0] [14 2 1] [14 6 1] [17 3 0] [19 2 0]  2: [5 5 1] [11 10 2] [1 3 1] [5 10 1] [5 10 1] [5 5 1]  0: [4 11 0]  3: [12 9 2]  4: [3 9 3] 

put: 12 24
 0: [24 12 0] [4 11 0]  3: [12 9 2]  4: [3 9 3]  1: [30 4 0] [30 1 0] [14 2 1] [14 6 1] [17 3 0] [19 2 0]  2: [5 5 1] [11 10 2] [1 3 1] [5 10 1] [5 10 1] [5 5 1] 

put: 5 18
 0: [24 12 0] [4 11 0]  3: [12 9 2]  4: [3 9 3]  1: [30 4 0] [30 1 0] [14 2 1] [14 6 1] [17 3 0] [19 2 0]  2: [18 5 2] [5 5 1] [11 10 2] [1 3 1] [5 10 1] [5 10 1] [5 5 1] 
key: 13, value: -1,
put: 7 23
 4: [3 9 3]  1: [30 4 0] [30 1 0] [14 2 1] [14 6 1] [17 3 0] [19 2 0]  2: [18 5 2] [5 5 1] [11 10 2] [1 3 1] [5 10 1] [5 10 1] [5 5 1]  0: [23 7 0] [24 12 0]  3: [12 9 2] 
key: 8, value: -1,key: 12, value: 24,
put: 3 27
 4: [3 9 3]  1: [24 12 0] [30 4 0] [30 1 0] [14 2 1] [14 6 1] [17 3 0] [19 2 0]  2: [27 3 2] [18 5 2] [5 5 1] [11 10 2] [1 3 1] [5 10 1] [5 10 1] [5 5 1]  0: [23 7 0]  3: [12 9 2] 

put: 2 12
 0: [23 7 0]  3: [12 9 2]  4: [3 9 3]  1: [24 12 0] [30 4 0] [30 1 0] [14 6 1] [17 3 0] [19 2 0]  2: [12 2 2] [27 3 2] [18 5 2] [5 5 1] [11 10 2] [1 3 1] [5 10 1] [5 10 1] [5 5 1] 
key: 5, value: 18,
put: 2 9
 0: [23 7 0]  3: [9 2 3] [18 5 2] [12 9 2]  4: [3 9 3]  1: [24 12 0] [30 4 0] [30 1 0] [14 6 1] [17 3 0] [19 2 0]  2: [27 3 2] [5 5 1] [11 10 2] [1 3 1] [5 10 1] [5 10 1] [5 5 1] 

put: 13 4
 4: [3 9 3]  1: [24 12 0] [30 4 0] [30 1 0] [14 6 1] [17 3 0] [19 2 0]  2: [27 3 2] [5 5 1] [11 10 2] [1 3 1] [5 10 1] [5 10 1] [5 5 1]  0: [4 13 0]  3: [9 2 3] [18 5 2] [12 9 2] 

put: 8 18
 3: [9 2 3] [18 5 2] [12 9 2]  4: [3 9 3]  1: [24 12 0] [30 4 0] [30 1 0] [14 6 1] [17 3 0] [19 2 0]  2: [27 3 2] [5 5 1] [11 10 2] [1 3 1] [5 10 1] [5 10 1] [5 5 1]  0: [18 8 0] 

put: 1 7
 4: [3 9 3]  1: [7 1 1] [24 12 0] [30 4 0] [30 1 0] [14 6 1] [17 3 0] [19 2 0]  2: [27 3 2] [5 5 1] [11 10 2] [1 3 1] [5 10 1] [5 10 1] [5 5 1]  0: [18 8 0]  3: [9 2 3] [18 5 2] [12 9 2] 
key: 6, value: 14,
put: 9 29
 0: [18 8 0]  3: [9 2 3] [18 5 2] [12 9 2]  4: [29 9 4] [3 9 3]  1: [7 1 1] [24 12 0] [30 4 0] [30 1 0] [17 3 0] [19 2 0]  2: [14 6 1] [27 3 2] [5 5 1] [11 10 2] [1 3 1] [5 10 1] [5 10 1] [5 5 1] 

put: 8 21
 1: [21 8 1] [7 1 1] [24 12 0] [30 4 0] [30 1 0] [17 3 0] [19 2 0]  2: [14 6 1] [27 3 2] [5 5 1] [11 10 2] [1 3 1] [5 10 1] [5 10 1] [5 5 1]  0:  3: [9 2 3] [18 5 2] [12 9 2]  4: [29 9 4] [3 9 3] 
key: 5, value: 18,
put: 6 30
 1: [21 8 1] [7 1 1] [24 12 0] [30 4 0] [30 1 0] [17 3 0] [19 2 0]  2: [30 6 2] [14 6 1] [27 3 2] [5 5 1] [11 10 2] [1 3 1] [5 10 1] [5 10 1] [5 5 1]  0:  3: [18 5 2] [9 2 3] [18 5 2] [12 9 2]  4: [29 9 4] [3 9 3] 

put: 1 12
 0:  3: [18 5 2] [9 2 3] [18 5 2] [12 9 2]  4: [29 9 4] [3 9 3]  1: [21 8 1] [24 12 0] [30 4 0] [30 1 0] [17 3 0] [19 2 0]  2: [12 1 2] [30 6 2] [14 6 1] [27 3 2] [5 5 1] [11 10 2] [1 3 1] [5 10 1] [5 10 1] [5 5 1] 
key: 10, value: 11,
put: 4 15
 0:  3: [11 10 2] [18 5 2] [9 2 3] [18 5 2] [12 9 2]  4: [29 9 4] [3 9 3]  1: [15 4 1] [21 8 1] [24 12 0] [30 4 0] [30 1 0] [17 3 0] [19 2 0]  2: [12 1 2] [30 6 2] [14 6 1] [27 3 2] [5 5 1] [1 3 1] [5 10 1] [5 10 1] [5 5 1] 

put: 7 22
 4: [29 9 4] [3 9 3]  1: [15 4 1] [21 8 1] [24 12 0] [30 4 0] [30 1 0] [17 3 0]  2: [12 1 2] [30 6 2] [14 6 1] [27 3 2] [5 5 1] [1 3 1] [5 10 1] [5 10 1] [5 5 1]  0: [22 7 0]  3: [11 10 2] [18 5 2] [9 2 3] [18 5 2] [12 9 2] 

put: 11 26
 1: [15 4 1] [21 8 1] [24 12 0] [30 4 0] [30 1 0] [17 3 0]  2: [12 1 2] [30 6 2] [14 6 1] [27 3 2] [5 5 1] [1 3 1] [5 10 1] [5 10 1] [5 5 1]  0: [26 11 0]  3: [11 10 2] [18 5 2] [9 2 3] [18 5 2] [12 9 2]  4: [29 9 4] [3 9 3] 

put: 8 17
 0: [26 11 0]  3: [11 10 2] [18 5 2] [9 2 3] [18 5 2] [12 9 2]  4: [29 9 4] [3 9 3]  1: [15 4 1] [24 12 0] [30 4 0] [30 1 0] [17 3 0]  2: [17 8 2] [12 1 2] [30 6 2] [14 6 1] [27 3 2] [5 5 1] [1 3 1] [5 10 1] [5 10 1] [5 5 1] 

put: 9 29
 1: [15 4 1] [24 12 0] [30 4 0] [30 1 0] [17 3 0]  2: [17 8 2] [12 1 2] [30 6 2] [14 6 1] [27 3 2] [5 5 1] [1 3 1] [5 10 1] [5 10 1] [5 5 1]  0: [26 11 0]  3: [11 10 2] [18 5 2] [9 2 3] [18 5 2] [12 9 2]  4: [3 9 3]  5: [29 9 5] 
key: 5, value: 18,
put: 3 4
 0: [26 11 0]  3: [4 3 3] [18 5 2] [11 10 2] [18 5 2] [9 2 3] [18 5 2] [12 9 2]  4: [3 9 3]  5: [29 9 5]  1: [15 4 1] [24 12 0] [30 4 0] [30 1 0] [17 3 0]  2: [17 8 2] [12 1 2] [30 6 2] [14 6 1] [5 5 1] [1 3 1] [5 10 1] [5 10 1] [5 5 1] 

put: 11 30
 5: [29 9 5]  1: [30 11 1] [15 4 1] [24 12 0] [30 4 0] [30 1 0] [17 3 0]  2: [17 8 2] [12 1 2] [30 6 2] [14 6 1] [5 5 1] [1 3 1] [5 10 1] [5 10 1] [5 5 1]  0:  3: [4 3 3] [18 5 2] [11 10 2] [18 5 2] [9 2 3] [18 5 2] [12 9 2]  4: [3 9 3] 
key: 12, value: 24,
put: 4 29
 0:  3: [4 3 3] [18 5 2] [11 10 2] [18 5 2] [9 2 3] [18 5 2] [12 9 2]  4: [3 9 3]  5: [29 9 5]  1: [24 12 0] [30 11 1] [24 12 0] [30 4 0] [30 1 0] [17 3 0]  2: [29 4 2] [17 8 2] [12 1 2] [30 6 2] [14 6 1] [5 5 1] [1 3 1] [5 10 1] [5 10 1] [5 5 1] 
key: 3, value: 4,key: 9, value: 29,key: 6, value: 30,
put: 3 4
 1: [24 12 0] [30 11 1] [24 12 0] [30 4 0] [30 1 0] [17 3 0]  2: [29 4 2] [17 8 2] [12 1 2] [14 6 1] [5 5 1] [1 3 1] [5 10 1] [5 10 1] [5 5 1]  0:  3: [30 6 2] [18 5 2] [11 10 2] [18 5 2] [9 2 3] [18 5 2] [12 9 2]  4: [4 3 4] [4 3 3] [3 9 3]  5:  6: [29 9 5] 
key: 1, value: 12,key: 10, value: 11,
put: 3 29
 1: [24 12 0] [30 11 1] [24 12 0] [30 4 0] [30 1 0] [17 3 0]  2: [29 4 2] [17 8 2] [14 6 1] [5 5 1] [1 3 1] [5 10 1] [5 10 1] [5 5 1]  0:  3: [11 10 2] [12 1 2] [30 6 2] [18 5 2] [11 10 2] [18 5 2] [9 2 3] [18 5 2] [12 9 2]  4: [4 3 3] [3 9 3]  5: [29 3 5]  6: [29 9 5] 

put: 10 28
 6: [29 9 5]  1: [24 12 0] [30 11 1] [24 12 0] [30 4 0] [30 1 0] [17 3 0]  2: [29 4 2] [17 8 2] [14 6 1] [5 5 1] [1 3 1] [5 10 1] [5 10 1] [5 5 1]  0:  3: [28 10 3] [11 10 2] [12 1 2] [30 6 2] [18 5 2] [11 10 2] [18 5 2] [9 2 3] [18 5 2] [12 9 2]  4: [4 3 3] [3 9 3]  5: [29 3 5] 

put: 1 20
 0:  3: [20 1 3] [28 10 3] [11 10 2] [12 1 2] [30 6 2] [18 5 2] [11 10 2] [18 5 2] [9 2 3] [18 5 2] [12 9 2]  4: [4 3 3] [3 9 3]  5: [29 3 5]  6: [29 9 5]  1: [24 12 0] [30 11 1] [24 12 0] [30 4 0] [30 1 0] [17 3 0]  2: [29 4 2] [17 8 2] [14 6 1] [5 5 1] [1 3 1] [5 10 1] [5 10 1] [5 5 1] 

put: 11 13
 0:  3: [20 1 3] [28 10 3] [11 10 2] [12 1 2] [30 6 2] [18 5 2] [11 10 2] [18 5 2] [9 2 3] [18 5 2] [12 9 2]  4: [4 3 3] [3 9 3]  5: [29 3 5]  6: [29 9 5]  1: [24 12 0] [24 12 0] [30 4 0] [30 1 0] [17 3 0]  2: [13 11 2] [29 4 2] [17 8 2] [14 6 1] [5 5 1] [1 3 1] [5 10 1] [5 10 1] [5 5 1] 
key: 3, value: 29,
put: 3 12
 4: [4 3 3] [3 9 3]  5:  6: [12 3 6] [29 3 5] [29 9 5]  1: [24 12 0] [24 12 0] [30 4 0] [30 1 0] [17 3 0]  2: [13 11 2] [29 4 2] [17 8 2] [14 6 1] [5 5 1] [1 3 1] [5 10 1] [5 10 1] [5 5 1]  0:  3: [20 1 3] [28 10 3] [11 10 2] [12 1 2] [30 6 2] [18 5 2] [11 10 2] [18 5 2] [9 2 3] [18 5 2] [12 9 2] 

put: 3 8
 1: [24 12 0] [24 12 0] [30 4 0] [30 1 0] [17 3 0]  2: [13 11 2] [29 4 2] [17 8 2] [14 6 1] [5 5 1] [1 3 1] [5 10 1] [5 10 1] [5 5 1]  0:  3: [20 1 3] [28 10 3] [11 10 2] [12 1 2] [30 6 2] [18 5 2] [11 10 2] [18 5 2] [9 2 3] [18 5 2] [12 9 2]  4: [4 3 3] [3 9 3]  5:  6: [29 3 5] [29 9 5]  7: [8 3 7] 

put: 10 9
 0:  3: [20 1 3] [11 10 2] [12 1 2] [30 6 2] [18 5 2] [11 10 2] [18 5 2] [9 2 3] [18 5 2] [12 9 2]  4: [9 10 4] [4 3 3] [3 9 3]  5:  6: [29 3 5] [29 9 5]  7: [8 3 7]  1: [24 12 0] [24 12 0] [30 4 0] [30 1 0] [17 3 0]  2: [13 11 2] [29 4 2] [17 8 2] [14 6 1] [5 5 1] [1 3 1] [5 10 1] [5 10 1] [5 5 1] 

put: 3 26
 7:  1: [24 12 0] [24 12 0] [30 4 0] [30 1 0] [17 3 0]  2: [13 11 2] [29 4 2] [17 8 2] [14 6 1] [5 5 1] [1 3 1] [5 10 1] [5 10 1] [5 5 1]  8: [26 3 8]  0:  3: [20 1 3] [11 10 2] [12 1 2] [30 6 2] [18 5 2] [11 10 2] [18 5 2] [9 2 3] [18 5 2] [12 9 2]  4: [9 10 4] [4 3 3] [3 9 3]  5:  6: [29 3 5] [29 9 5] 
key: 8, value: 17,key: 7, value: -1,key: 5, value: 18,
put: 13 17
 0: [17 13 0]  3: [18 5 2] [17 8 2] [20 1 3] [11 10 2] [12 1 2] [30 6 2] [18 5 2] [11 10 2] [18 5 2] [9 2 3] [18 5 2] [12 9 2]  4: [9 10 4] [4 3 3] [3 9 3]  5:  6: [29 3 5] [29 9 5]  7:  1: [24 12 0] [24 12 0] [30 4 0] [30 1 0]  2: [13 11 2] [29 4 2] [14 6 1] [5 5 1] [1 3 1] [5 10 1] [5 10 1] [5 5 1]  8: [26 3 8] 

put: 2 27
 0: [27 2 0]  3: [18 5 2] [17 8 2] [20 1 3] [11 10 2] [12 1 2] [30 6 2] [18 5 2] [11 10 2] [18 5 2] [9 2 3] [18 5 2] [12 9 2]  4: [9 10 4] [4 3 3] [3 9 3]  5:  6: [29 3 5] [29 9 5]  7:  1: [24 12 0] [24 12 0] [30 4 0] [30 1 0]  2: [13 11 2] [29 4 2] [14 6 1] [5 5 1] [1 3 1] [5 10 1] [5 10 1] [5 5 1]  8: [26 3 8] 

put: 11 15
 0: [27 2 0]  3: [15 11 3] [18 5 2] [17 8 2] [20 1 3] [11 10 2] [12 1 2] [30 6 2] [18 5 2] [11 10 2] [18 5 2] [9 2 3] [18 5 2] [12 9 2]  4: [9 10 4] [4 3 3] [3 9 3]  5:  6: [29 3 5] [29 9 5]  7:  1: [24 12 0] [24 12 0] [30 4 0] [30 1 0]  2: [29 4 2] [14 6 1] [5 5 1] [1 3 1] [5 10 1] [5 10 1] [5 5 1]  8: [26 3 8] 
key: 12, value: 24,
put: 9 19
 1: [24 12 0] [24 12 0] [24 12 0] [30 4 0] [30 1 0]  2: [29 4 2] [14 6 1] [5 5 1] [1 3 1] [5 10 1] [5 10 1] [5 5 1]  8: [26 3 8]  0: [27 2 0]  3: [15 11 3] [18 5 2] [17 8 2] [20 1 3] [11 10 2] [12 1 2] [30 6 2] [18 5 2] [11 10 2] [18 5 2] [9 2 3] [18 5 2] [12 9 2]  4: [9 10 4] [4 3 3] [3 9 3]  5:  6: [19 9 6] [29 3 5] [29 9 5]  7: 

put: 2 15
 8: [26 3 8]  0:  3: [15 11 3] [18 5 2] [17 8 2] [20 1 3] [11 10 2] [12 1 2] [30 6 2] [18 5 2] [11 10 2] [18 5 2] [9 2 3] [18 5 2] [12 9 2]  4: [9 10 4] [4 3 3] [3 9 3]  5:  6: [19 9 6] [29 3 5] [29 9 5]  7:  1: [15 2 1] [24 12 0] [24 12 0] [24 12 0] [30 4 0] [30 1 0]  2: [29 4 2] [14 6 1] [5 5 1] [1 3 1] [5 10 1] [5 10 1] [5 5 1] 

put: 3 16
 8: [26 3 8]  0: [16 3 0]  3: [15 11 3] [18 5 2] [17 8 2] [20 1 3] [11 10 2] [12 1 2] [30 6 2] [18 5 2] [11 10 2] [18 5 2] [9 2 3] [18 5 2] [12 9 2]  4: [9 10 4] [4 3 3] [3 9 3]  5:  6: [19 9 6] [29 3 5] [29 9 5]  7:  1: [15 2 1] [24 12 0] [24 12 0] [24 12 0] [30 4 0]  2: [29 4 2] [14 6 1] [5 5 1] [1 3 1] [5 10 1] [5 10 1] [5 5 1] 
key: 1, value: -1,
put: 12 17
 1: [17 12 1] [15 2 1] [24 12 0] [24 12 0] [24 12 0] [30 4 0]  2: [29 4 2] [14 6 1] [5 5 1] [1 3 1] [5 10 1] [5 10 1] [5 5 1]  8: [26 3 8]  0: [16 3 0]  3: [15 11 3] [18 5 2] [17 8 2] [20 1 3] [11 10 2] [12 1 2] [30 6 2] [18 5 2] [11 10 2] [18 5 2] [9 2 3] [18 5 2] [12 9 2]  4: [9 10 4] [4 3 3] [3 9 3]  5:  6: [19 9 6] [29 3 5] [29 9 5]  7: 

put: 9 1
 8: [26 3 8]  0: [16 3 0]  3: [15 11 3] [18 5 2] [17 8 2] [20 1 3] [11 10 2] [12 1 2] [30 6 2] [18 5 2] [11 10 2] [18 5 2] [9 2 3] [18 5 2] [12 9 2]  4: [9 10 4] [4 3 3] [3 9 3]  5:  6: [29 3 5] [29 9 5]  7: [1 9 7]  1: [17 12 1] [15 2 1] [24 12 0] [24 12 0] [24 12 0] [30 4 0]  2: [29 4 2] [14 6 1] [5 5 1] [1 3 1] [5 10 1] [5 10 1] [5 5 1] 

put: 6 19
 0: [16 3 0]  3: [19 6 3] [15 11 3] [18 5 2] [17 8 2] [20 1 3] [11 10 2] [12 1 2] [30 6 2] [18 5 2] [11 10 2] [18 5 2] [9 2 3] [18 5 2] [12 9 2]  4: [9 10 4] [4 3 3] [3 9 3]  5:  6: [29 3 5] [29 9 5]  7: [1 9 7]  1: [17 12 1] [15 2 1] [24 12 0] [24 12 0] [24 12 0] [30 4 0]  2: [29 4 2] [14 6 1] [5 5 1] [1 3 1] [5 10 1] [5 10 1] [5 5 1]  8: [26 3 8] 
key: 4, value: 29,key: 5, value: 18,key: 5, value: 18,
put: 8 1
 0: [16 3 0]  3: [1 8 3] [18 5 2] [18 5 2] [29 4 2] [19 6 3] [15 11 3] [18 5 2] [17 8 2] [20 1 3] [11 10 2] [12 1 2] [30 6 2] [18 5 2] [11 10 2] [18 5 2] [9 2 3] [18 5 2] [12 9 2]  4: [9 10 4] [4 3 3] [3 9 3]  5:  6: [29 3 5] [29 9 5]  7: [1 9 7]  1: [17 12 1] [15 2 1] [24 12 0] [24 12 0] [24 12 0] [30 4 0]  2: [14 6 1] [5 5 1] [1 3 1] [5 10 1] [5 10 1] [5 5 1]  8: [26 3 8] 

put: 11 7
 0: [16 3 0]  3: [1 8 3] [18 5 2] [18 5 2] [29 4 2] [19 6 3] [18 5 2] [17 8 2] [20 1 3] [11 10 2] [12 1 2] [30 6 2] [18 5 2] [11 10 2] [18 5 2] [9 2 3] [18 5 2] [12 9 2]  4: [7 11 4] [9 10 4] [4 3 3] [3 9 3]  5:  6: [29 3 5] [29 9 5]  7: [1 9 7]  1: [17 12 1] [15 2 1] [24 12 0] [24 12 0] [24 12 0] [30 4 0]  2: [14 6 1] [5 5 1] [1 3 1] [5 10 1] [5 10 1] [5 5 1]  8: [26 3 8] 

put: 5 2
 1: [17 12 1] [15 2 1] [24 12 0] [24 12 0] [24 12 0] [30 4 0]  2: [14 6 1] [5 5 1] [1 3 1] [5 10 1] [5 10 1] [5 5 1]  8: [26 3 8]  0: [16 3 0]  3: [2 5 3] [1 8 3] [18 5 2] [18 5 2] [29 4 2] [19 6 3] [18 5 2] [17 8 2] [20 1 3] [11 10 2] [12 1 2] [30 6 2] [18 5 2] [11 10 2] [18 5 2] [9 2 3] [18 5 2] [12 9 2]  4: [7 11 4] [9 10 4] [4 3 3] [3 9 3]  5:  6: [29 3 5] [29 9 5]  7: [1 9 7] 

put: 9 28
 4: [7 11 4] [9 10 4] [4 3 3] [3 9 3]  5:  6: [29 3 5] [29 9 5]  7:  1: [17 12 1] [15 2 1] [24 12 0] [24 12 0] [24 12 0] [30 4 0]  2: [14 6 1] [5 5 1] [1 3 1] [5 10 1] [5 10 1] [5 5 1]  8: [28 9 8] [26 3 8]  0: [16 3 0]  3: [2 5 3] [1 8 3] [18 5 2] [18 5 2] [29 4 2] [19 6 3] [18 5 2] [17 8 2] [20 1 3] [11 10 2] [12 1 2] [30 6 2] [18 5 2] [11 10 2] [18 5 2] [9 2 3] [18 5 2] [12 9 2] 
key: 1, value: -1,
put: 2 2
 0: [16 3 0]  3: [2 5 3] [1 8 3] [18 5 2] [18 5 2] [29 4 2] [19 6 3] [18 5 2] [17 8 2] [20 1 3] [11 10 2] [12 1 2] [30 6 2] [18 5 2] [11 10 2] [18 5 2] [9 2 3] [18 5 2] [12 9 2]  4: [7 11 4] [9 10 4] [4 3 3] [3 9 3]  5:  6: [29 3 5] [29 9 5]  7:  1: [17 12 1] [24 12 0] [24 12 0] [24 12 0] [30 4 0]  2: [2 2 2] [14 6 1] [5 5 1] [1 3 1] [5 10 1] [5 10 1] [5 5 1]  8: [28 9 8] [26 3 8] 

put: 7 4
 0: [4 7 0]  3: [2 5 3] [1 8 3] [18 5 2] [18 5 2] [29 4 2] [19 6 3] [18 5 2] [17 8 2] [20 1 3] [11 10 2] [12 1 2] [30 6 2] [18 5 2] [11 10 2] [18 5 2] [9 2 3] [18 5 2] [12 9 2]  4: [7 11 4] [9 10 4] [4 3 3] [3 9 3]  5:  6: [29 3 5] [29 9 5]  7:  1: [17 12 1] [24 12 0] [24 12 0] [24 12 0] [30 4 0]  2: [2 2 2] [14 6 1] [5 5 1] [1 3 1] [5 10 1] [5 10 1] [5 5 1]  8: [28 9 8] [26 3 8] 

put: 4 22
 0: [4 7 0]  3: [22 4 3] [2 5 3] [1 8 3] [18 5 2] [18 5 2] [29 4 2] [19 6 3] [18 5 2] [17 8 2] [20 1 3] [11 10 2] [12 1 2] [30 6 2] [18 5 2] [11 10 2] [18 5 2] [9 2 3] [18 5 2] [12 9 2]  4: [7 11 4] [9 10 4] [4 3 3] [3 9 3]  5:  6: [29 3 5] [29 9 5]  7:  1: [17 12 1] [24 12 0] [24 12 0] [24 12 0] [30 4 0]  2: [2 2 2] [14 6 1] [5 5 1] [1 3 1] [5 10 1] [5 10 1] [5 5 1]  8: [28 9 8] [26 3 8] 

put: 7 24
 5:  6: [29 3 5] [29 9 5]  7:  1: [24 7 1] [17 12 1] [24 12 0] [24 12 0] [24 12 0] [30 4 0]  2: [2 2 2] [14 6 1] [5 5 1] [1 3 1] [5 10 1] [5 10 1] [5 5 1]  8: [28 9 8] [26 3 8]  0:  3: [22 4 3] [2 5 3] [1 8 3] [18 5 2] [18 5 2] [29 4 2] [19 6 3] [18 5 2] [17 8 2] [20 1 3] [11 10 2] [12 1 2] [30 6 2] [18 5 2] [11 10 2] [18 5 2] [9 2 3] [18 5 2] [12 9 2]  4: [7 11 4] [9 10 4] [4 3 3] [3 9 3] 

put: 9 26
 4: [7 11 4] [9 10 4] [4 3 3] [3 9 3]  5:  6: [29 3 5] [29 9 5]  7:  1: [24 7 1] [17 12 1] [24 12 0] [24 12 0] [24 12 0] [30 4 0]  2: [2 2 2] [14 6 1] [5 5 1] [1 3 1] [5 10 1] [5 10 1] [5 5 1]  8: [26 3 8]  9: [26 9 9]  0:  3: [22 4 3] [2 5 3] [1 8 3] [18 5 2] [18 5 2] [29 4 2] [19 6 3] [18 5 2] [17 8 2] [20 1 3] [11 10 2] [12 1 2] [30 6 2] [18 5 2] [11 10 2] [18 5 2] [9 2 3] [18 5 2] [12 9 2] 

put: 13 28
 4: [7 11 4] [9 10 4] [4 3 3] [3 9 3]  5:  6: [29 3 5] [29 9 5]  7:  1: [24 7 1] [17 12 1] [24 12 0] [24 12 0] [24 12 0]  2: [2 2 2] [14 6 1] [5 5 1] [1 3 1] [5 10 1] [5 10 1] [5 5 1]  8: [26 3 8]  9: [26 9 9]  0: [28 13 0]  3: [22 4 3] [2 5 3] [1 8 3] [18 5 2] [18 5 2] [29 4 2] [19 6 3] [18 5 2] [17 8 2] [20 1 3] [11 10 2] [12 1 2] [30 6 2] [18 5 2] [11 10 2] [18 5 2] [9 2 3] [18 5 2] [12 9 2] 

put: 11 26
 7:  1: [24 7 1] [17 12 1] [24 12 0] [24 12 0] [24 12 0]  2: [2 2 2] [14 6 1] [5 5 1] [1 3 1] [5 10 1] [5 10 1] [5 5 1]  8: [26 3 8]  9: [26 9 9]  0: [28 13 0]  3: [22 4 3] [2 5 3] [1 8 3] [18 5 2] [18 5 2] [29 4 2] [19 6 3] [18 5 2] [17 8 2] [20 1 3] [11 10 2] [12 1 2] [30 6 2] [18 5 2] [11 10 2] [18 5 2] [9 2 3] [18 5 2] [12 9 2]  4: [9 10 4] [4 3 3] [3 9 3]  5: [26 11 5]  6: [29 3 5] [29 9 5] 
