1 solutions:[[] [] [] [] [] []]
2 solutions:[[] [] [] [] [] []], 0xc0000080d8 0xc000100018 0xc000100048
3 solutions:[[] [] [] [] [] []], 0xc0000080d8 0xc000100018 0xc000100048
newSolution:[1], arr[i][0]:1, solutions:[[] [] [] [] [] [1]], i:0, j:5
i: 0, j: 5, oldValue: 0, pickValue: 2, solutions[5]=[1], arr[0][0]=1, solutions=[[] [] [] [] [] [1]]
1 solutions:[[] [] [] [] [] [1]]
2 solutions:[[] [] [] [] [] [1]], 0xc000008468 0xc000100018 0xc000100048
3 solutions:[[] [] [] [] [] [1]], 0xc000008468 0xc000100018 0xc000100048
newSolution:[1], arr[i][0]:1, solutions:[[] [] [] [] [1] [1]], i:0, j:4
i: 0, j: 4, oldValue: 0, pickValue: 2, solutions[4]=[1], arr[0][0]=1, solutions=[[] [] [] [] [1] [1]]
1 solutions:[[] [] [] [] [1] [1]]
2 solutions:[[] [] [] [] [1] [1]], 0xc0000087f8 0xc000100018 0xc000100048
3 solutions:[[] [] [] [] [1] [1]], 0xc0000087f8 0xc000100018 0xc000100048
newSolution:[1], arr[i][0]:1, solutions:[[] [] [] [1] [1] [1]], i:0, j:3
i: 0, j: 3, oldValue: 0, pickValue: 2, solutions[3]=[1], arr[0][0]=1, solutions=[[] [] [] [1] [1] [1]]
1 solutions:[[] [] [] [1] [1] [1]]
2 solutions:[[] [] [] [1] [1] [1]], 0xc000008b88 0xc000100018 0xc000100048
3 solutions:[[] [] [] [1] [1] [1]], 0xc000008b88 0xc000100018 0xc000100048
newSolution:[1], arr[i][0]:1, solutions:[[] [] [1] [1] [1] [1]], i:0, j:2
i: 0, j: 2, oldValue: 0, pickValue: 2, solutions[2]=[1], arr[0][0]=1, solutions=[[] [] [1] [1] [1] [1]]
1 solutions:[[] [] [1] [1] [1] [1]]
2 solutions:[[] [] [1] [1] [1] [1]], 0xc000008f18 0xc000100018 0xc000100048
3 solutions:[[] [] [1] [1] [1] [1]], 0xc000008f18 0xc000100018 0xc000100048
newSolution:[1], arr[i][0]:1, solutions:[[] [1] [1] [1] [1] [1]], i:0, j:1
i: 0, j: 1, oldValue: 0, pickValue: 2, solutions[1]=[1], arr[0][0]=1, solutions=[[] [1] [1] [1] [1] [1]]
1 solutions:[[] [1] [1] [1] [1] [1]]
2 solutions:[[] [1] [1] [1] [1] [1]], 0xc0000092a8 0xc000100018 0xc000100048
3 solutions:[[] [1] [1] [1] [1] [1]], 0xc0000092a8 0xc000100018 0xc000100048
newSolution:[1 2], arr[i][0]:2, solutions:[[] [1] [1] [1] [1] [1 2]], i:1, j:5
i: 1, j: 5, oldValue: 2, pickValue: 6, solutions[5]=[1 2], arr[1][0]=2, solutions=[[] [1] [1] [1] [1] [1 2]]
1 solutions:[[] [1] [1] [1] [1] [1 2]]
2 solutions:[[] [1] [1] [1] [1] [1 2]], 0xc000009638 0xc000100018 0xc000100048
3 solutions:[[] [1] [1] [1] [1] [1 2]], 0xc000009638 0xc000100018 0xc000100048
newSolution:[1 2], arr[i][0]:2, solutions:[[] [1] [1] [1] [1 2] [1 2]], i:1, j:4
i: 1, j: 4, oldValue: 2, pickValue: 6, solutions[4]=[1 2], arr[1][0]=2, solutions=[[] [1] [1] [1] [1 2] [1 2]]
1 solutions:[[] [1] [1] [1] [1 2] [1 2]]
2 solutions:[[] [1] [1] [1] [1 2] [1 2]], 0xc0000099c8 0xc000100018 0xc000100048
3 solutions:[[] [1] [1] [1] [1 2] [1 2]], 0xc0000099c8 0xc000100018 0xc000100048
newSolution:[1 2], arr[i][0]:2, solutions:[[] [1] [1] [1 2] [1 2] [1 2]], i:1, j:3
i: 1, j: 3, oldValue: 2, pickValue: 6, solutions[3]=[1 2], arr[1][0]=2, solutions=[[] [1] [1] [1 2] [1 2] [1 2]]
1 solutions:[[] [1] [1] [1 2] [1 2] [1 2]]
2 solutions:[[] [1] [1] [1 2] [1 2] [1 2]], 0xc000009d58 0xc000100018 0xc000100048
3 solutions:[[] [1] [1] [1 2] [1 2] [1 2]], 0xc000009d58 0xc000100018 0xc000100048
newSolution:[2], arr[i][0]:2, solutions:[[] [1] [2] [1 2] [1 2] [1 2]], i:1, j:2
i: 1, j: 2, oldValue: 2, pickValue: 4, solutions[2]=[2], arr[1][0]=2, solutions=[[] [1] [2] [1 2] [1 2] [1 2]]
1 solutions:[[] [1] [2] [1 2] [1 2] [1 2]]
2 solutions:[[] [1] [2] [1 2] [1 2] [1 2]], 0xc000102168 0xc000100018 0xc000100048
3 solutions:[[] [1] [2] [1 2] [1 2] [1 2]], 0xc000102168 0xc000100018 0xc000100048
newSolution:[2 3], arr[i][0]:3, solutions:[[] [1] [2] [1 2] [1 2] [2 3]], i:2, j:5
i: 2, j: 5, oldValue: 6, pickValue: 8, solutions[5]=[2 3], arr[2][0]=3, solutions=[[] [1] [2] [1 2] [1 2] [2 3]]
1 solutions:[[] [1] [2] [1 2] [1 2] [2 3]]
newSolution:[1 3], j:4, arr[i][0]:3, solutions:[[] [1] [2] [1 2] [1 2] [2 3]], i:2
i: 2, j: 4, oldValue: 6, pickValue: 6, solutions[4]=[1 2], arr[2][0]=3, solutions=[[] [1] [2] [1 2] [1 2] [2 3]]
1 solutions:[[] [1] [2] [1 2] [1 2] [2 3]]
i: 2, j: 3, oldValue: 6, pickValue: 4, solutions[3]=[1 2], arr[2][0]=3, solutions=[[] [1] [2] [1 2] [1 2] [2 3]]
1 solutions:[[] [1] [2] [1 2] [1 2] [2 3]]
newSolution:[1 4], j:5, arr[i][0]:4, solutions:[[] [1] [2] [1 2] [1 2] [2 3]], i:3
i: 3, j: 5, oldValue: 8, pickValue: 8, solutions[5]=[1 4], arr[3][0]=4, solutions=[[] [1] [2] [1 2] [1 2] [1 4]]
1 solutions:[[] [1] [2] [1 2] [1 2] [1 4]]
newSolution:[4], j:4, arr[i][0]:4, solutions:[[] [1] [2] [1 2] [1 2] [1 4]], i:3
i: 3, j: 4, oldValue: 6, pickValue: 6, solutions[4]=[1 2], arr[3][0]=4, solutions=[[] [1] [2] [1 2] [1 2] [1 4]]
1 4